#-----------------------------------------------------------
# Vivado v2017.1 (64-bit)
# SW Build 1846317 on Fri Apr 14 18:54:47 MDT 2017
# IP Build 1846188 on Fri Apr 14 20:52:08 MDT 2017
# Start of session at: Tue Jul 18 15:31:52 2017
# Process ID: 23462
# Current directory: /nfs/home/ryan/orca/rtl
# Command line: vivado
# Log file: /nfs/home/ryan/orca/rtl/vivado.log
# Journal file: /nfs/home/ryan/orca/rtl/vivado.jou
#-----------------------------------------------------------
start_gui
create_project project_1 /nfs/home/ryan/orca/rtl/edge_extender_prj -part xc7vx485tffg1157-1
INFO: [IP_Flow 19-234] Refreshing IP repositories
INFO: [IP_Flow 19-1704] No user IP repositories specified
INFO: [IP_Flow 19-2313] Loaded Vivado IP repository '/nfs/opt/xilinx/Vivado/2017.1/data/ip'.
create_project: Time (s): cpu = 00:00:11 ; elapsed = 00:00:07 . Memory (MB): peak = 6058.367 ; gain = 50.426 ; free physical = 21228 ; free virtual = 41176
set_property target_language VHDL [current_project]
add_files -norecurse /nfs/home/ryan/orca/rtl/edge_extender.vhd
update_compile_order -fileset sources_1
update_compile_order -fileset sources_1
set_property top edge_extender [current_fileset]
update_compile_order -fileset sources_1
update_compile_order -fileset sources_1
update_compile_order -fileset sources_1
WARNING: [IP_Flow 19-3899] Cannot get the environment domain name variable for the component vendor name. Setting the vendor name to 'user.org'.
ipx::package_project -root_dir /nfs/home/ryan/orca/rtl/edge_extender -vendor user.org -library user -taxonomy /UserIP -import_files -set_current false
INFO: [IP_Flow 19-4753] Inferred signal 'reset' from port 'reset' as interface 'reset'.
INFO: [IP_Flow 19-4753] Inferred signal 'clock' from port 'clk' as interface 'clk'.
INFO: [IP_Flow 19-4728] Bus Interface 'clk': Added interface parameter 'ASSOCIATED_RESET' with value 'reset'.
ipx::unload_core /nfs/home/ryan/orca/rtl/edge_extender/component.xml
ipx::edit_ip_in_project -upgrade true -name tmp_edit_project -directory /nfs/home/ryan/orca/rtl/edge_extender /nfs/home/ryan/orca/rtl/edge_extender/component.xml
INFO: [IP_Flow 19-234] Refreshing IP repositories
INFO: [IP_Flow 19-1704] No user IP repositories specified
INFO: [IP_Flow 19-2313] Loaded Vivado IP repository '/nfs/opt/xilinx/Vivado/2017.1/data/ip'.
create_project: Time (s): cpu = 00:00:06 ; elapsed = 00:00:05 . Memory (MB): peak = 6474.828 ; gain = 34.594 ; free physical = 21064 ; free virtual = 41013
INFO: [IP_Flow 19-795] Syncing license key meta-data
INFO: [IP_Flow 19-793] Syncing display name meta-data
INFO: [IP_Flow 19-798] Syncing taxonomy meta-data
ipx::edit_ip_in_project: Time (s): cpu = 00:00:10 ; elapsed = 00:00:07 . Memory (MB): peak = 6496.598 ; gain = 56.363 ; free physical = 21067 ; free virtual = 41016
update_compile_order -fileset sources_1
set_property core_revision 2 [ipx::current_core]
ipx::create_xgui_files [ipx::current_core]
ipx::update_checksums [ipx::current_core]
ipx::save_core [ipx::current_core]
close_project -delete
set_property  ip_repo_paths  /nfs/home/ryan/orca/rtl/edge_extender [current_project]
update_ip_catalog
INFO: [IP_Flow 19-234] Refreshing IP repositories
INFO: [IP_Flow 19-1700] Loaded user IP repository '/nfs/home/ryan/orca/rtl/edge_extender'.
WARNING: [IP_Flow 19-3656] If you move the project, the path for repository '/nfs/home/ryan/orca/rtl/edge_extender' may become invalid. A better location for the repository would be in a path adjacent to the project. (Current project location is '/nfs/home/ryan/orca/rtl/edge_extender_prj'.)
exit
INFO: [Common 17-206] Exiting Vivado at Tue Jul 18 15:48:56 2017...
